# JRE version: OpenJDK Runtime Environment (16.0.2+7) (build 16.0.2+7-67)
# Java VM: OpenJDK 64-Bit Server VM (16.0.2+7-67, mixed mode, tiered, compressed oops, compressed class ptrs, g1 gc, windows-amd64)
GC Precious Log:
 CPUs: 8 total, 8 available
 Memory: 8069M
 Large Page Support: Disabled
 NUMA Support: Disabled
 Compressed Oops: Enabled (32-bit)
 Heap Region Size: 1M
 Heap Min Capacity: 8M
 Heap Initial Capacity: 128M
 Heap Max Capacity: 2018M
 Pre-touch: Disabled
 Parallel Workers: 8
 Concurrent Workers: 2
 Concurrent Refinement Workers: 8
 Periodic GC: Disabled
Heap:
 garbage-first heap   total 150528K, used 46678K [0x0000000081e00000, 0x0000000100000000)
  region size 1024K, 3 young (3072K), 3 survivors (3072K)
 Metaspace       used 82692K, committed 83968K, reserved 1122304K
  class space    used 10519K, committed 11136K, reserved 1048576K
GC Heap History (20 events):
Event: 704.809 GC heap after
{Heap after GC invocations=81 (full 12):
 garbage-first heap   total 140288K, used 42098K [0x0000000081e00000, 0x0000000100000000)
  region size 1024K, 0 young (0K), 0 survivors (0K)
 Metaspace       used 80150K, committed 81152K, reserved 1122304K
  class space    used 10250K, committed 10752K, reserved 1048576K
}
Event: 705.648 GC heap before
{Heap before GC invocations=81 (full 12):
 garbage-first heap   total 140288K, used 110706K [0x0000000081e00000, 0x0000000100000000)
  region size 1024K, 68 young (69632K), 0 survivors (0K)
 Metaspace       used 80283K, committed 81344K, reserved 1122304K
  class space    used 10270K, committed 10816K, reserved 1048576K
}
Event: 705.673 GC heap after
{Heap after GC invocations=82 (full 12):
 garbage-first heap   total 168960K, used 45170K [0x0000000081e00000, 0x0000000100000000)
  region size 1024K, 3 young (3072K), 3 survivors (3072K)
 Metaspace       used 80283K, committed 81344K, reserved 1122304K
  class space    used 10270K, committed 10816K, reserved 1048576K
}
Event: 710.923 GC heap before
{Heap before GC invocations=82 (full 12):
 garbage-first heap   total 168960K, used 121970K [0x0000000081e00000, 0x0000000100000000)
  region size 1024K, 79 young (80896K), 3 survivors (3072K)
 Metaspace       used 80663K, committed 81728K, reserved 1122304K
  class space    used 10292K, committed 10816K, reserved 1048576K
}
Event: 711.057 GC heap after
{Heap after GC invocations=83 (full 13):
 garbage-first heap   total 150528K, used 42629K [0x0000000081e00000, 0x0000000100000000)
  region size 1024K, 0 young (0K), 0 survivors (0K)
 Metaspace       used 80660K, committed 81728K, reserved 1122304K
  class space    used 10291K, committed 10816K, reserved 1048576K
}
Event: 711.550 GC heap before
{Heap before GC invocations=83 (full 13):
 garbage-first heap   total 150528K, used 119429K [0x0000000081e00000, 0x0000000100000000)
  region size 1024K, 76 young (77824K), 0 survivors (0K)
 Metaspace       used 80793K, committed 81856K, reserved 1122304K
  class space    used 10311K, committed 10816K, reserved 1048576K
}
Event: 711.556 GC heap after
{Heap after GC invocations=84 (full 13):
 garbage-first heap   total 150528K, used 45470K [0x0000000081e00000, 0x0000000100000000)
  region size 1024K, 3 young (3072K), 3 survivors (3072K)
 Metaspace       used 80793K, committed 81856K, reserved 1122304K
  class space    used 10311K, committed 10816K, reserved 1048576K
}
Event: 719.482 GC heap before
{Heap before GC invocations=84 (full 13):
 garbage-first heap   total 150528K, used 117150K [0x0000000081e00000, 0x0000000100000000)
  region size 1024K, 74 young (75776K), 3 survivors (3072K)
 Metaspace       used 81161K, committed 82240K, reserved 1122304K
  class space    used 10333K, committed 10880K, reserved 1048576K
}
Event: 719.616 GC heap after
{Heap after GC invocations=85 (full 14):
 garbage-first heap   total 150528K, used 42737K [0x0000000081e00000, 0x0000000100000000)
  region size 1024K, 0 young (0K), 0 survivors (0K)
 Metaspace       used 81159K, committed 82240K, reserved 1122304K
  class space    used 10333K, committed 10880K, reserved 1048576K
}
Event: 720.104 GC heap before
{Heap before GC invocations=85 (full 14):
 garbage-first heap   total 150528K, used 120561K [0x0000000081e00000, 0x0000000100000000)
  region size 1024K, 77 young (78848K), 0 survivors (0K)
 Metaspace       used 81292K, committed 82368K, reserved 1122304K
  class space    used 10353K, committed 10880K, reserved 1048576K
}
Event: 720.107 GC heap after
{Heap after GC invocations=86 (full 14):
 garbage-first heap   total 150528K, used 45603K [0x0000000081e00000, 0x0000000100000000)
  region size 1024K, 3 young (3072K), 3 survivors (3072K)
 Metaspace       used 81292K, committed 82368K, reserved 1122304K
  class space    used 10353K, committed 10880K, reserved 1048576K
}
Event: 722.981 GC heap before
{Heap before GC invocations=86 (full 14):
 garbage-first heap   total 150528K, used 111139K [0x0000000081e00000, 0x0000000100000000)
  region size 1024K, 68 young (69632K), 3 survivors (3072K)
 Metaspace       used 81662K, committed 82752K, reserved 1122304K
  class space    used 10374K, committed 10944K, reserved 1048576K
}
Event: 723.144 GC heap after
{Heap after GC invocations=87 (full 15):
 garbage-first heap   total 150528K, used 43073K [0x0000000081e00000, 0x0000000100000000)
  region size 1024K, 0 young (0K), 0 survivors (0K)
 Metaspace       used 81659K, committed 82752K, reserved 1122304K
  class space    used 10374K, committed 10944K, reserved 1048576K
}
Event: 723.653 GC heap before
{Heap before GC invocations=87 (full 15):
 garbage-first heap   total 150528K, used 119873K [0x0000000081e00000, 0x0000000100000000)
  region size 1024K, 76 young (77824K), 0 survivors (0K)
 Metaspace       used 81794K, committed 82880K, reserved 1122304K
  class space    used 10394K, committed 10944K, reserved 1048576K
}
Event: 723.657 GC heap after
{Heap after GC invocations=88 (full 15):
 garbage-first heap   total 150528K, used 45905K [0x0000000081e00000, 0x0000000100000000)
  region size 1024K, 3 young (3072K), 3 survivors (3072K)
 Metaspace       used 81794K, committed 82880K, reserved 1122304K
  class space    used 10394K, committed 10944K, reserved 1048576K
}
Event: 734.798 GC heap before
{Heap before GC invocations=88 (full 15):
 garbage-first heap   total 150528K, used 121681K [0x0000000081e00000, 0x0000000100000000)
  region size 1024K, 77 young (78848K), 3 survivors (3072K)
 Metaspace       used 82560K, committed 83840K, reserved 1122304K
  class space    used 10499K, committed 11136K, reserved 1048576K
}
Event: 734.809 GC heap after
{Heap after GC invocations=89 (full 15):
 garbage-first heap   total 150528K, used 48624K [0x0000000081e00000, 0x0000000100000000)
  region size 1024K, 6 young (6144K), 6 survivors (6144K)
 Metaspace       used 82560K, committed 83840K, reserved 1122304K
  class space    used 10499K, committed 11136K, reserved 1048576K
}
Event: 734.820 GC heap before
{Heap before GC invocations=89 (full 15):
 garbage-first heap   total 150528K, used 48624K [0x0000000081e00000, 0x0000000100000000)
  region size 1024K, 7 young (7168K), 6 survivors (6144K)
 Metaspace       used 82560K, committed 83840K, reserved 1122304K
  class space    used 10499K, committed 11136K, reserved 1048576K
}
Event: 734.975 GC heap after
{Heap after GC invocations=90 (full 16):
 garbage-first heap   total 150528K, used 43707K [0x0000000081e00000, 0x0000000100000000)
  region size 1024K, 0 young (0K), 0 survivors (0K)
 Metaspace       used 82557K, committed 83840K, reserved 1122304K
  class space    used 10499K, committed 11136K, reserved 1048576K
}
Event: 735.672 GC heap before
{Heap before GC invocations=90 (full 16):
 garbage-first heap   total 150528K, used 120507K [0x0000000081e00000, 0x0000000100000000)
  region size 1024K, 76 young (77824K), 0 survivors (0K)
 Metaspace       used 82692K, committed 83968K, reserved 1122304K
  class space    used 10519K, committed 11136K, reserved 1048576K
}

